Setting default build configuration: RelWithAsserts
CMake Warning (dev) at /pbtech_mounts/softlib001/apps/EL6/spack/opt/spack/linux-rhel6-x86_64/gcc-6.3.0/cmake-3.9.4-v3w54bykdxdf23psa6qe3yxyiwhchbob/share/cmake-3.9/Modules/FindOpenMP.cmake:200 (if):
  Policy CMP0054 is not set: Only interpret if() arguments as variables or
  keywords when unquoted.  Run "cmake --help-policy CMP0054" for policy
  details.  Use the cmake_policy command to set the policy and suppress this
  warning.

  Quoted variables like "c" will no longer be dereferenced when the policy is
  set to NEW.  Since the policy is not set the OLD behavior will be used.
Call Stack (most recent call first):
  /pbtech_mounts/softlib001/apps/EL6/spack/opt/spack/linux-rhel6-x86_64/gcc-6.3.0/cmake-3.9.4-v3w54bykdxdf23psa6qe3yxyiwhchbob/share/cmake-3.9/Modules/FindOpenMP.cmake:324 (_OPENMP_GET_FLAGS)
  cmake/deps.cmake:16 (find_package)
  CMakeLists.txt:52 (include)
This warning is for project developers.  Use -Wno-dev to suppress it.

Making Release Configuration...
Building SPAdes from N/A, sha: N/A
/home/dmm2017/cloudSPAdes-dev/ext/src/nlopt/api/deprecated.c: In function ‘nlopt_minimize_constrained’:
/home/dmm2017/cloudSPAdes-dev/ext/src/nlopt/api/deprecated.c:149:6: warning: ‘nlopt_minimize_econstrained’ is deprecated [-Wdeprecated-declarations]
      return nlopt_minimize_econstrained(
      ^~~~~~
In file included from /home/dmm2017/cloudSPAdes-dev/ext/src/nlopt/api/deprecated.c:23:0:
/home/dmm2017/cloudSPAdes-dev/src/../ext/include/nlopt/nlopt.h:350:28: note: declared here
 NLOPT_EXTERN(nlopt_result) nlopt_minimize_econstrained(
                            ^~~~~~~~~~~~~~~~~~~~~~~~~~~
/home/dmm2017/cloudSPAdes-dev/ext/src/nlopt/api/deprecated.c: In function ‘nlopt_minimize’:
/home/dmm2017/cloudSPAdes-dev/ext/src/nlopt/api/deprecated.c:167:6: warning: ‘nlopt_minimize_constrained’ is deprecated [-Wdeprecated-declarations]
      return nlopt_minimize_constrained(
      ^~~~~~
In file included from /home/dmm2017/cloudSPAdes-dev/ext/src/nlopt/api/deprecated.c:23:0:
/home/dmm2017/cloudSPAdes-dev/src/../ext/include/nlopt/nlopt.h:339:28: note: declared here
 NLOPT_EXTERN(nlopt_result) nlopt_minimize_constrained(
                            ^~~~~~~~~~~~~~~~~~~~~~~~~~
/home/dmm2017/cloudSPAdes-dev/ext/src/nlopt/cdirect/hybrid.c: In function ‘optimize_rect’:
/home/dmm2017/cloudSPAdes-dev/ext/src/nlopt/cdirect/hybrid.c:91:6: warning: ‘nlopt_minimize’ is deprecated [-Wdeprecated-declarations]
      ret = nlopt_minimize(p->local_alg, n, fcount, p,
      ^~~
In file included from /home/dmm2017/cloudSPAdes-dev/src/../ext/include/nlopt/nlopt-util.h:29:0,
                 from /home/dmm2017/cloudSPAdes-dev/ext/src/nlopt/cdirect/hybrid.c:27:
/home/dmm2017/cloudSPAdes-dev/src/../ext/include/nlopt/nlopt.h:329:28: note: declared here
 NLOPT_EXTERN(nlopt_result) nlopt_minimize(
                            ^~~~~~~~~~~~~~
/home/dmm2017/cloudSPAdes-dev/ext/src/nlopt/newuoa/newuoa.c: In function ‘trsapp_’:
/home/dmm2017/cloudSPAdes-dev/ext/src/nlopt/newuoa/newuoa.c:184:3: warning: ‘nlopt_minimize_constrained’ is deprecated [-Wdeprecated-declarations]
   ret = nlopt_minimize_constrained(NLOPT_LD_MMA, *n, quad_model, &qmd,
   ^~~
In file included from /home/dmm2017/cloudSPAdes-dev/src/../ext/include/nlopt/nlopt-util.h:29:0,
                 from /home/dmm2017/cloudSPAdes-dev/src/../ext/include/nlopt/newuoa.h:4,
                 from /home/dmm2017/cloudSPAdes-dev/ext/src/nlopt/newuoa/newuoa.c:33:
/home/dmm2017/cloudSPAdes-dev/src/../ext/include/nlopt/nlopt.h:339:28: note: declared here
 NLOPT_EXTERN(nlopt_result) nlopt_minimize_constrained(
                            ^~~~~~~~~~~~~~~~~~~~~~~~~~
/home/dmm2017/cloudSPAdes-dev/ext/src/nlopt/newuoa/newuoa.c: In function ‘biglag_’:
/home/dmm2017/cloudSPAdes-dev/ext/src/nlopt/newuoa/newuoa.c:1241:3: warning: ‘nlopt_minimize_constrained’ is deprecated [-Wdeprecated-declarations]
   return nlopt_minimize_constrained(NLOPT_LD_MMA, *n, lag, &ld,
   ^~~~~~
In file included from /home/dmm2017/cloudSPAdes-dev/src/../ext/include/nlopt/nlopt-util.h:29:0,
                 from /home/dmm2017/cloudSPAdes-dev/src/../ext/include/nlopt/newuoa.h:4,
                 from /home/dmm2017/cloudSPAdes-dev/ext/src/nlopt/newuoa/newuoa.c:33:
/home/dmm2017/cloudSPAdes-dev/src/../ext/include/nlopt/nlopt.h:339:28: note: declared here
 NLOPT_EXTERN(nlopt_result) nlopt_minimize_constrained(
                            ^~~~~~~~~~~~~~~~~~~~~~~~~~
/home/dmm2017/cloudSPAdes-dev/src/common/modules/coverage_model/kmer_coverage_model.cpp: In member function ‘void coverage_model::KMerCoverageModel::Fit()’:
/home/dmm2017/cloudSPAdes-dev/src/common/modules/coverage_model/kmer_coverage_model.cpp:325:23: warning: conversion to ‘__gnu_cxx::__alloc_traits<std::allocator<double> >::value_type {aka double}’ from ‘size_t {aka long unsigned int}’ may alter its value [-Wconversion]
     if (converged_ && Valley_ > x[2] && x[2] > 2) {
                       ^~~~~~~
/home/dmm2017/cloudSPAdes-dev/src/common/modules/coverage_model/kmer_coverage_model.cpp:359:28: warning: conversion to ‘double’ from ‘size_t {aka long unsigned int}’ may alter its value [-Wconversion]
         ErrorThreshold_ = (Valley_ < mean_coverage_ ?
                            ^~~~~~~
In file included from /home/dmm2017/cloudSPAdes-dev/ext/src/bamtools/api/internal/io/pbgzf/block.c:5:0:
/home/dmm2017/cloudSPAdes-dev/ext/src/bamtools/api/internal/io/pbgzf/util.h:8:1: warning: inline function ‘safe_mutex_unlock’ declared but never defined
 safe_mutex_unlock(pthread_mutex_t *mutex);
 ^~~~~~~~~~~~~~~~~
/home/dmm2017/cloudSPAdes-dev/ext/src/bamtools/api/internal/io/pbgzf/util.h:5:1: warning: inline function ‘safe_mutex_lock’ declared but never defined
 safe_mutex_lock(pthread_mutex_t *mutex);
 ^~~~~~~~~~~~~~~
In file included from /home/dmm2017/cloudSPAdes-dev/ext/src/bamtools/api/internal/io/pbgzf/block.c:4:0:
/home/dmm2017/cloudSPAdes-dev/ext/src/bamtools/api/internal/io/pbgzf/bgzf.h:240:11: warning: inline function ‘unpackInt16’ declared but never defined
           unpackInt16(const uint8_t* buffer);
           ^~~~~~~~~~~
In file included from /home/dmm2017/cloudSPAdes-dev/ext/src/bamtools/api/internal/io/pbgzf/consumer.c:12:0:
/home/dmm2017/cloudSPAdes-dev/ext/src/bamtools/api/internal/io/pbgzf/util.h:8:1: warning: inline function ‘safe_mutex_unlock’ declared but never defined
 safe_mutex_unlock(pthread_mutex_t *mutex);
 ^~~~~~~~~~~~~~~~~
/home/dmm2017/cloudSPAdes-dev/ext/src/bamtools/api/internal/io/pbgzf/util.h:5:1: warning: inline function ‘safe_mutex_lock’ declared but never defined
 safe_mutex_lock(pthread_mutex_t *mutex);
 ^~~~~~~~~~~~~~~
In file included from /home/dmm2017/cloudSPAdes-dev/ext/src/bamtools/api/internal/io/pbgzf/consumer.c:11:0:
/home/dmm2017/cloudSPAdes-dev/ext/src/bamtools/api/internal/io/pbgzf/bgzf.h:240:11: warning: inline function ‘unpackInt16’ declared but never defined
           unpackInt16(const uint8_t* buffer);
           ^~~~~~~~~~~
In file included from /home/dmm2017/cloudSPAdes-dev/ext/src/bamtools/api/internal/io/pbgzf/pbgzf.c:14:0:
/home/dmm2017/cloudSPAdes-dev/ext/src/bamtools/api/internal/io/pbgzf/util.h:8:1: warning: inline function ‘safe_mutex_unlock’ declared but never defined
 safe_mutex_unlock(pthread_mutex_t *mutex);
 ^~~~~~~~~~~~~~~~~
/home/dmm2017/cloudSPAdes-dev/ext/src/bamtools/api/internal/io/pbgzf/util.h:5:1: warning: inline function ‘safe_mutex_lock’ declared but never defined
 safe_mutex_lock(pthread_mutex_t *mutex);
 ^~~~~~~~~~~~~~~
In file included from /home/dmm2017/cloudSPAdes-dev/ext/src/bamtools/api/internal/io/pbgzf/pbgzf.c:13:0:
/home/dmm2017/cloudSPAdes-dev/ext/src/bamtools/api/internal/io/pbgzf/bgzf.h:240:11: warning: inline function ‘unpackInt16’ declared but never defined
           unpackInt16(const uint8_t* buffer);
           ^~~~~~~~~~~
In file included from /home/dmm2017/cloudSPAdes-dev/ext/src/bamtools/api/internal/io/pbgzf/queue.c:6:0:
/home/dmm2017/cloudSPAdes-dev/ext/src/bamtools/api/internal/io/pbgzf/util.h:8:1: warning: inline function ‘safe_mutex_unlock’ declared but never defined
 safe_mutex_unlock(pthread_mutex_t *mutex);
 ^~~~~~~~~~~~~~~~~
/home/dmm2017/cloudSPAdes-dev/ext/src/bamtools/api/internal/io/pbgzf/util.h:5:1: warning: inline function ‘safe_mutex_lock’ declared but never defined
 safe_mutex_lock(pthread_mutex_t *mutex);
 ^~~~~~~~~~~~~~~
In file included from /home/dmm2017/cloudSPAdes-dev/ext/src/bamtools/api/internal/io/pbgzf/reader.c:8:0:
/home/dmm2017/cloudSPAdes-dev/ext/src/bamtools/api/internal/io/pbgzf/util.h:8:1: warning: inline function ‘safe_mutex_unlock’ declared but never defined
 safe_mutex_unlock(pthread_mutex_t *mutex);
 ^~~~~~~~~~~~~~~~~
/home/dmm2017/cloudSPAdes-dev/ext/src/bamtools/api/internal/io/pbgzf/util.h:5:1: warning: inline function ‘safe_mutex_lock’ declared but never defined
 safe_mutex_lock(pthread_mutex_t *mutex);
 ^~~~~~~~~~~~~~~
In file included from /home/dmm2017/cloudSPAdes-dev/ext/src/bamtools/api/internal/io/pbgzf/reader.c:7:0:
/home/dmm2017/cloudSPAdes-dev/ext/src/bamtools/api/internal/io/pbgzf/bgzf.h:240:11: warning: inline function ‘unpackInt16’ declared but never defined
           unpackInt16(const uint8_t* buffer);
           ^~~~~~~~~~~
In file included from /home/dmm2017/cloudSPAdes-dev/ext/src/bamtools/api/internal/io/pbgzf/pbgzf.h:11:0,
                 from /home/dmm2017/cloudSPAdes-dev/ext/src/bamtools/api/internal/io/pbgzf/writer.c:10:
/home/dmm2017/cloudSPAdes-dev/ext/src/bamtools/api/internal/io/pbgzf/util.h:8:1: warning: inline function ‘safe_mutex_unlock’ declared but never defined
 safe_mutex_unlock(pthread_mutex_t *mutex);
 ^~~~~~~~~~~~~~~~~
/home/dmm2017/cloudSPAdes-dev/ext/src/bamtools/api/internal/io/pbgzf/util.h:5:1: warning: inline function ‘safe_mutex_lock’ declared but never defined
 safe_mutex_lock(pthread_mutex_t *mutex);
 ^~~~~~~~~~~~~~~
In file included from /home/dmm2017/cloudSPAdes-dev/ext/src/bamtools/api/internal/io/pbgzf/writer.c:7:0:
/home/dmm2017/cloudSPAdes-dev/ext/src/bamtools/api/internal/io/pbgzf/bgzf.h:240:11: warning: inline function ‘unpackInt16’ declared but never defined
           unpackInt16(const uint8_t* buffer);
           ^~~~~~~~~~~
/home/dmm2017/cloudSPAdes-dev/src/common/assembly_graph/graph_support/scaff_supplementary.cpp: In member function ‘bool path_extend::ScaffoldingUniqueEdgeAnalyzer::ConservativeByPaths(path_extend::EdgeId, const path_extend::GraphCoverageMap&, const path_extend::pe_config::LongReads&, int) const’:
/home/dmm2017/cloudSPAdes-dev/src/common/assembly_graph/graph_support/scaff_supplementary.cpp:130:63: warning: conversion to ‘double’ from ‘size_t {aka long unsigned int}’ may alter its value [-Wconversion]
         if (maxx < lr_config.unique_edge_priority * double(alt)) {
                                                               ^
In file included from /home/dmm2017/cloudSPAdes-dev/src/common/pipeline/stage.cpp:9:0:
/home/dmm2017/cloudSPAdes-dev/src/common/pipeline/graphio.hpp: In instantiation of ‘void debruijn_graph::graphio::ScanReadCloudDistributions(const string&, path_extend::cluster_model::DistributionPack&, const Graph&, bool) [with Graph = debruijn_graph::DeBruijnGraph; std::__cxx11::string = std::__cxx11::basic_string<char>]’:
/home/dmm2017/cloudSPAdes-dev/src/common/pipeline/graphio.hpp:1143:31:   required from ‘void debruijn_graph::graphio::ScanAll(const string&, graph_pack&, bool) [with graph_pack = debruijn_graph::graph_pack<debruijn_graph::DeBruijnGraph>; std::__cxx11::string = std::__cxx11::basic_string<char>]’
/home/dmm2017/cloudSPAdes-dev/src/common/pipeline/stage.cpp:24:50:   required from here
/home/dmm2017/cloudSPAdes-dev/src/common/pipeline/graphio.hpp:1026:46: warning: unused parameter ‘g’ [-Wunused-parameter]
                                 const Graph& g, bool force_exists = true) {
                                              ^
/home/dmm2017/cloudSPAdes-dev/src/common/modules/path_extend/scaffolder2015/extension_chooser2015.cpp: In member function ‘path_extend::ExtensionChooser::EdgeContainer path_extend::ExtensionChooser2015::FindNextUniqueEdge(path_extend::EdgeId) const’:
/home/dmm2017/cloudSPAdes-dev/src/common/modules/path_extend/scaffolder2015/extension_chooser2015.cpp:29:19: warning: conversion to ‘double’ from ‘long unsigned int’ may alter its value [-Wconversion]
         if (sum < absolute_weight_threshold_) {
                   ^~~~~~~~~~~~~~~~~~~~~~~~~~
/home/dmm2017/cloudSPAdes-dev/src/common/modules/path_extend/scaffolder2015/connection_condition2015.cpp: In member function ‘virtual std::map<restricted::pure_pointer<omnigraph::PairedEdge<debruijn_graph::DeBruijnDataMaster> >, double> path_extend::LongReadsLibConnectionCondition::ConnectedWith(path_extend::EdgeId, const path_extend::ScaffoldingUniqueEdgeStorage&) const’:
/home/dmm2017/cloudSPAdes-dev/src/common/modules/path_extend/scaffolder2015/connection_condition2015.cpp:105:28: warning: conversion to ‘double’ from ‘long unsigned int’ may alter its value [-Wconversion]
         if (iter->second < min_read_count_){
                            ^~~~~~~~~~~~~~~
In file included from /home/dmm2017/miniconda2/include/boost/numeric/ublas/io.hpp:19:0,
                 from /home/dmm2017/cloudSPAdes-dev/src/projects/hammer/kmer_cluster.cpp:16:
/home/dmm2017/miniconda2/include/boost/numeric/ublas/matrix_expression.hpp: In member function ‘void boost::numeric::ublas::matrix_binary<E1, E2, F>::const_iterator1::increment(boost::numeric::ublas::sparse_bidirectional_iterator_tag)’:
/home/dmm2017/miniconda2/include/boost/numeric/ublas/matrix_expression.hpp:2224:17: warning: this ‘if’ clause does not guard... [-Wmisleading-indentation]
                 if (it2_ != it2_end_)
                 ^~
/home/dmm2017/miniconda2/include/boost/numeric/ublas/matrix_expression.hpp:2227:21: note: ...this statement, but the latter is misleadingly indented as if it is guarded by the ‘if’
                     if (it2_ != it2_end_) {
                     ^~
In file included from /home/dmm2017/miniconda2/include/boost/numeric/ublas/matrix.hpp:19:0,
                 from /home/dmm2017/cloudSPAdes-dev/src/projects/ionhammer/consensus.hpp:13,
                 from /home/dmm2017/cloudSPAdes-dev/src/projects/ionhammer/subcluster.cpp:10:
/home/dmm2017/miniconda2/include/boost/numeric/ublas/matrix_expression.hpp: In member function ‘void boost::numeric::ublas::matrix_binary<E1, E2, F>::const_iterator1::increment(boost::numeric::ublas::sparse_bidirectional_iterator_tag)’:
/home/dmm2017/miniconda2/include/boost/numeric/ublas/matrix_expression.hpp:2224:17: warning: this ‘if’ clause does not guard... [-Wmisleading-indentation]
                 if (it2_ != it2_end_)
                 ^~
/home/dmm2017/miniconda2/include/boost/numeric/ublas/matrix_expression.hpp:2227:21: note: ...this statement, but the latter is misleadingly indented as if it is guarded by the ‘if’
                     if (it2_ != it2_end_) {
                     ^~
/home/dmm2017/cloudSPAdes-dev/src/projects/hammer/kmer_cluster.cpp: In member function ‘size_t KMerClustering::SubClusterSingle(const std::vector<long unsigned int>&, std::vector<std::vector<long unsigned int> >&)’:
/home/dmm2017/cloudSPAdes-dev/src/projects/hammer/kmer_cluster.cpp:356:9: warning: this ‘for’ clause does not guard... [-Wmisleading-indentation]
         for (uint32_t j=0; j<K; ++j) std::cout << std::setw(3) << (unsigned)getQual(kms, j) << " "; std::cout << "\n";
         ^~~
/home/dmm2017/cloudSPAdes-dev/src/projects/hammer/kmer_cluster.cpp:356:101: note: ...this statement, but the latter is misleadingly indented as if it is guarded by the ‘for’
         for (uint32_t j=0; j<K; ++j) std::cout << std::setw(3) << (unsigned)getQual(kms, j) << " "; std::cout << "\n";
                                                                                                     ^~~
In file included from /home/dmm2017/miniconda2/include/boost/numeric/ublas/expression_types.hpp:16:0,
                 from /home/dmm2017/miniconda2/include/boost/numeric/ublas/vector_expression.hpp:16,
                 from /home/dmm2017/miniconda2/include/boost/numeric/ublas/matrix_expression.hpp:16,
                 from /home/dmm2017/miniconda2/include/boost/numeric/ublas/io.hpp:19,
                 from /home/dmm2017/cloudSPAdes-dev/src/projects/hammer/kmer_cluster.cpp:16:
/home/dmm2017/miniconda2/include/boost/numeric/ublas/functional.hpp: In instantiation of ‘static void boost::numeric::ublas::scalar_assign<T1, T2>::apply(boost::numeric::ublas::scalar_assign<T1, T2>::argument1_type, boost::numeric::ublas::scalar_assign<T1, T2>::argument2_type) [with T1 = long unsigned int&; T2 = double; boost::numeric::ublas::scalar_assign<T1, T2>::argument1_type = long unsigned int&; boost::numeric::ublas::scalar_assign<T1, T2>::argument2_type = const double&]’:
/home/dmm2017/miniconda2/include/boost/numeric/ublas/detail/matrix_assign.hpp:589:37:   required from ‘void boost::numeric::ublas::indexing_matrix_assign(M&, const boost::numeric::ublas::matrix_expression<E2>&, boost::numeric::ublas::row_major_tag) [with F = boost::numeric::ublas::scalar_assign; M = boost::numeric::ublas::matrix<long unsigned int>; E = boost::numeric::ublas::matrix<double>]’
/home/dmm2017/miniconda2/include/boost/numeric/ublas/detail/matrix_assign.hpp:622:35:   required from ‘void boost::numeric::ublas::matrix_assign(M&, const boost::numeric::ublas::matrix_expression<E>&, boost::numeric::ublas::dense_proxy_tag, C) [with F = boost::numeric::ublas::scalar_assign; R = boost::numeric::ublas::basic_full<>; M = boost::numeric::ublas::matrix<long unsigned int>; E = boost::numeric::ublas::matrix<double>; C = boost::numeric::ublas::row_major_tag]’
/home/dmm2017/miniconda2/include/boost/numeric/ublas/detail/matrix_assign.hpp:1224:40:   required from ‘void boost::numeric::ublas::matrix_assign(M&, const boost::numeric::ublas::matrix_expression<E2>&) [with F = boost::numeric::ublas::scalar_assign; M = boost::numeric::ublas::matrix<long unsigned int>; E = boost::numeric::ublas::matrix<double>]’
/home/dmm2017/miniconda2/include/boost/numeric/ublas/matrix.hpp:172:42:   required from ‘boost::numeric::ublas::matrix<T, L, A>::matrix(const boost::numeric::ublas::matrix_expression<E1>&) [with AE = boost::numeric::ublas::matrix<double>; T = long unsigned int; L = boost::numeric::ublas::basic_row_major<>; A = boost::numeric::ublas::unbounded_array<long unsigned int>]’
/home/dmm2017/cloudSPAdes-dev/src/projects/hammer/kmer_cluster.cpp:602:93:   required from here
/home/dmm2017/miniconda2/include/boost/numeric/ublas/functional.hpp:201:16: warning: conversion to ‘long unsigned int’ from ‘boost::numeric::ublas::type_traits<double>::value_type {aka double}’ may alter its value [-Wfloat-conversion]
             t1 = t2;
             ~~~^~~~
/home/dmm2017/miniconda2/include/boost/numeric/ublas/functional.hpp: In instantiation of ‘static boost::numeric::ublas::matrix_matrix_prod<M1, M2, TV>::result_type boost::numeric::ublas::matrix_matrix_prod<M1, M2, TV>::apply(const boost::numeric::ublas::matrix_expression<E1>&, const boost::numeric::ublas::matrix_expression<E2>&, boost::numeric::ublas::matrix_matrix_prod<M1, M2, TV>::size_type, boost::numeric::ublas::matrix_matrix_prod<M1, M2, TV>::size_type) [with E1 = boost::numeric::ublas::matrix_reference<const boost::numeric::ublas::matrix<long unsigned int> >; E2 = boost::numeric::ublas::matrix_reference<const boost::numeric::ublas::scalar_matrix<double> >; M1 = boost::numeric::ublas::matrix<long unsigned int>; M2 = boost::numeric::ublas::scalar_matrix<double>; TV = double; boost::numeric::ublas::matrix_matrix_prod<M1, M2, TV>::result_type = double; boost::numeric::ublas::matrix_matrix_prod<M1, M2, TV>::size_type = long unsigned int]’:
/home/dmm2017/miniconda2/include/boost/numeric/ublas/matrix_expression.hpp:4832:40:   required from ‘boost::numeric::ublas::matrix_matrix_binary<E1, E2, F>::const_reference boost::numeric::ublas::matrix_matrix_binary<E1, E2, F>::operator()(boost::numeric::ublas::matrix_matrix_binary<E1, E2, F>::size_type, boost::numeric::ublas::matrix_matrix_binary<E1, E2, F>::size_type) const [with E1 = boost::numeric::ublas::matrix<long unsigned int>; E2 = boost::numeric::ublas::scalar_matrix<double>; F = boost::numeric::ublas::matrix_matrix_prod<boost::numeric::ublas::matrix<long unsigned int>, boost::numeric::ublas::scalar_matrix<double>, double>; boost::numeric::ublas::matrix_matrix_binary<E1, E2, F>::const_reference = double; boost::numeric::ublas::matrix_matrix_binary<E1, E2, F>::size_type = long unsigned int]’
/home/dmm2017/miniconda2/include/boost/numeric/ublas/detail/matrix_assign.hpp:589:53:   required from ‘void boost::numeric::ublas::indexing_matrix_assign(M&, const boost::numeric::ublas::matrix_expression<E2>&, boost::numeric::ublas::row_major_tag) [with F = boost::numeric::ublas::scalar_assign; M = boost::numeric::ublas::matrix<long unsigned int>; E = boost::numeric::ublas::matrix_matrix_binary<boost::numeric::ublas::matrix<long unsigned int>, boost::numeric::ublas::scalar_matrix<double>, boost::numeric::ublas::matrix_matrix_prod<boost::numeric::ublas::matrix<long unsigned int>, boost::numeric::ublas::scalar_matrix<double>, double> >]’
/home/dmm2017/miniconda2/include/boost/numeric/ublas/detail/matrix_assign.hpp:622:35:   required from ‘void boost::numeric::ublas::matrix_assign(M&, const boost::numeric::ublas::matrix_expression<E>&, boost::numeric::ublas::dense_proxy_tag, C) [with F = boost::numeric::ublas::scalar_assign; R = boost::numeric::ublas::basic_full<>; M = boost::numeric::ublas::matrix<long unsigned int>; E = boost::numeric::ublas::matrix_matrix_binary<boost::numeric::ublas::matrix<long unsigned int>, boost::numeric::ublas::scalar_matrix<double>, boost::numeric::ublas::matrix_matrix_prod<boost::numeric::ublas::matrix<long unsigned int>, boost::numeric::ublas::scalar_matrix<double>, double> >; C = boost::numeric::ublas::row_major_tag]’
/home/dmm2017/miniconda2/include/boost/numeric/ublas/detail/matrix_assign.hpp:1224:40:   required from ‘void boost::numeric::ublas::matrix_assign(M&, const boost::numeric::ublas::matrix_expression<E2>&) [with F = boost::numeric::ublas::scalar_assign; M = boost::numeric::ublas::matrix<long unsigned int>; E = boost::numeric::ublas::matrix_matrix_binary<boost::numeric::ublas::matrix<long unsigned int>, boost::numeric::ublas::scalar_matrix<double>, boost::numeric::ublas::matrix_matrix_prod<boost::numeric::ublas::matrix<long unsigned int>, boost::numeric::ublas::scalar_matrix<double>, double> >]’
/home/dmm2017/miniconda2/include/boost/numeric/ublas/matrix.hpp:172:42:   required from ‘boost::numeric::ublas::matrix<T, L, A>::matrix(const boost::numeric::ublas::matrix_expression<E1>&) [with AE = boost::numeric::ublas::matrix_matrix_binary<boost::numeric::ublas::matrix<long unsigned int>, boost::numeric::ublas::scalar_matrix<double>, boost::numeric::ublas::matrix_matrix_prod<boost::numeric::ublas::matrix<long unsigned int>, boost::numeric::ublas::scalar_matrix<double>, double> >; T = long unsigned int; L = boost::numeric::ublas::basic_row_major<>; A = boost::numeric::ublas::unbounded_array<long unsigned int>]’
/home/dmm2017/cloudSPAdes-dev/src/projects/hammer/kmer_cluster.cpp:643:92:   required from here
/home/dmm2017/miniconda2/include/boost/numeric/ublas/functional.hpp:1179:35: warning: conversion to ‘double’ from ‘long unsigned int’ may alter its value [-Wconversion]
                 t += e1 () (i, k) * e2 () (k, j);
                      ~~~~~~~~~~~~~^~~~~~~~~~~~~~
/home/dmm2017/cloudSPAdes-dev/src/projects/ionhammer/seqeval/BaseHypothesisEvaluator.cpp: In function ‘void BaseHypothesisEvaluator(BamTools::BamAlignment&, const string&, const string&, float&, float&, int)’:
/home/dmm2017/cloudSPAdes-dev/src/projects/ionhammer/seqeval/BaseHypothesisEvaluator.cpp:26:56: warning: conversion to ‘int’ from ‘std::__cxx11::basic_string<char>::size_type {aka long unsigned int}’ may alter its value [-Wconversion]
     if (not GetBamTags(alignment, flow_order_str.length(), measurements, phase_params, start_flow))
                                   ~~~~~~~~~~~~~~~~~~~~~^~
/home/dmm2017/cloudSPAdes-dev/src/projects/ionhammer/seqeval/BaseHypothesisEvaluator.cpp:28:34: warning: conversion to ‘int’ from ‘std::vector<float>::size_type {aka long unsigned int}’ may alter its value [-Wconversion]
     num_flows = measurements.size();
                 ~~~~~~~~~~~~~~~~~^~
/home/dmm2017/cloudSPAdes-dev/src/projects/ionhammer/seqeval/BaseHypothesisEvaluator.cpp:46:57: warning: conversion to ‘unsigned int’ from ‘std::vector<char>::size_type {aka long unsigned int}’ may alter its value [-Wconversion]
     unsigned int prefix_size = master_read.sequence.size();
                                ~~~~~~~~~~~~~~~~~~~~~~~~~^~
/home/dmm2017/cloudSPAdes-dev/src/projects/ionhammer/seqeval/BaseHypothesisEvaluator.cpp: In function ‘void RevComplementInPlace(std::__cxx11::string&)’:
/home/dmm2017/cloudSPAdes-dev/src/projects/ionhammer/seqeval/BaseHypothesisEvaluator.cpp:292:32: warning: conversion to ‘int’ from ‘std::__cxx11::basic_string<char>::size_type {aka long unsigned int}’ may alter its value [-Wconversion]
   int backward_idx = seq.size()-1;
                      ~~~~~~~~~~^~
/home/dmm2017/cloudSPAdes-dev/src/projects/ionhammer/seqeval/TreephaserLite.cpp: In member function ‘void TreephaserLite::SetModelParameters(double, double, double)’:
/home/dmm2017/cloudSPAdes-dev/src/projects/ionhammer/seqeval/TreephaserLite.cpp:85:76: warning: conversion to ‘__gnu_cxx::__alloc_traits<std::allocator<float> >::value_type {aka float}’ from ‘double’ may alter its value [-Wfloat-conversion]
       transition_base_[nuc][flow] = nuc_avaliability[nuc] * (1-droop_rate) * (1-incomplete_extension_rate);
                                     ~~~~~~~~~~~~~~~~~~~~~~~~~~~~~~~~~~~~~~~^~~~~~~~~~~~~~~~~~~~~~~~~~~~~~~
/home/dmm2017/cloudSPAdes-dev/src/projects/ionhammer/seqeval/TreephaserLite.cpp:86:63: warning: conversion to ‘__gnu_cxx::__alloc_traits<std::allocator<float> >::value_type {aka float}’ from ‘double’ may alter its value [-Wfloat-conversion]
       transition_flow_[nuc][flow] = (1-nuc_avaliability[nuc]) + nuc_avaliability[nuc] * (1-droop_rate) * incomplete_extension_rate;
                                     ~~~~~~~~~~~~~~~~~~~~~~~~~~^~~~~~~~~~~~~~~~~~~~~~~~~~~~~~~~~~~~~~~~~~~~~~~~~~~~~~~~~~~~~~~~~~~~
/home/dmm2017/cloudSPAdes-dev/src/projects/ionhammer/seqeval/TreephaserLite.cpp: In member function ‘void TreephaserLite::WindowedNormalize(BasecallerRead&, int, int) const’:
/home/dmm2017/cloudSPAdes-dev/src/projects/ionhammer/seqeval/TreephaserLite.cpp:97:45: warning: conversion to ‘int’ from ‘std::vector<float>::size_type {aka long unsigned int}’ may alter its value [-Wconversion]
   int num_flows = read.raw_measurements.size();
                   ~~~~~~~~~~~~~~~~~~~~~~~~~~^~
/home/dmm2017/cloudSPAdes-dev/src/projects/ionhammer/seqeval/TreephaserLite.cpp:127:52: warning: conversion to ‘float’ from ‘int’ may alter its value [-Wconversion]
     float delta = (next_normalizer - normalizer) / window_size;
                                                    ^~~~~~~~~~~
/home/dmm2017/cloudSPAdes-dev/src/projects/ionhammer/seqeval/TreephaserLite.cpp:166:52: warning: conversion to ‘float’ from ‘int’ may alter its value [-Wconversion]
     float delta = (next_normalizer - normalizer) / window_size;
                                                    ^~~~~~~~~~~
/home/dmm2017/cloudSPAdes-dev/src/projects/ionhammer/seqeval/TreephaserLite.cpp: In member function ‘void TreephaserLite::Solve(BasecallerRead&, int, int)’:
/home/dmm2017/cloudSPAdes-dev/src/projects/ionhammer/seqeval/TreephaserLite.cpp:350:38: warning: conversion to ‘float’ alters ‘double’ constant value [-Wfloat-conversion]
   float sum_of_squares_upper_bound = 1e20;  //max_flows; // Squared distance of solution to measurements
                                      ^~~~
/home/dmm2017/cloudSPAdes-dev/src/projects/ionhammer/seqeval/TreephaserLite.cpp:409:36: warning: conversion to ‘float’ alters ‘double’ constant value [-Wfloat-conversion]
       float max_per_flow_metric = -0.1;
                                    ^~~
/home/dmm2017/cloudSPAdes-dev/src/projects/ionhammer/seqeval/TreephaserLite.cpp:514:72: warning: conversion to ‘float’ from ‘double’ may alter its value [-Wfloat-conversion]
         child->per_flow_metric = (child->path_metric + 0.5 * penalty1) / child->flow;
                                  ~~~~~~~~~~~~~~~~~~~~~~~~~~~~~~~~~~~~~~^~~~~~~~~~~~~
/home/dmm2017/cloudSPAdes-dev/src/common/modules/path_extend/read_cloud_path_extend/scaffold_graph_construction/scaffold_graph_construction_pipeline.cpp: In member function ‘path_extend::LongEdgePairGapCloserParams path_extend::ScaffolderParamsConstructor::ConstructGapCloserParamsFromMainParams(const path_extend::ScaffolderParams&, const Graph&, std::shared_ptr<barcode_index::FrameBarcodeIndexInfoExtractor>, size_t, size_t) const’:
/home/dmm2017/cloudSPAdes-dev/src/common/modules/path_extend/read_cloud_path_extend/scaffold_graph_construction/scaffold_graph_construction_pipeline.cpp:43:33: warning: unused parameter ‘params’ [-Wunused-parameter]
         const ScaffolderParams &params,
                                 ^~~~~~
/home/dmm2017/cloudSPAdes-dev/src/common/modules/path_extend/read_cloud_path_extend/scaffold_graph_construction/scaffold_graph_construction_pipeline.cpp:44:22: warning: unused parameter ‘g’ [-Wunused-parameter]
         const Graph &g,
                      ^
/home/dmm2017/cloudSPAdes-dev/src/common/modules/path_extend/read_cloud_path_extend/scaffold_graph_construction/scaffold_graph_construction_pipeline.cpp:45:67: warning: unused parameter ‘barcode_extractor’ [-Wunused-parameter]
         shared_ptr<barcode_index::FrameBarcodeIndexInfoExtractor> barcode_extractor,
                                                                   ^~~~~~~~~~~~~~~~~
/home/dmm2017/cloudSPAdes-dev/src/common/modules/path_extend/read_cloud_path_extend/scaffold_graph_construction/scaffold_graph_construction_pipeline.cpp:46:16: warning: unused parameter ‘unique_edge_length’ [-Wunused-parameter]
         size_t unique_edge_length,
                ^~~~~~~~~~~~~~~~~~
/home/dmm2017/cloudSPAdes-dev/src/common/modules/path_extend/read_cloud_path_extend/scaffold_graph_construction/scaffold_graph_construction_pipeline.cpp:47:16: warning: unused parameter ‘max_threads’ [-Wunused-parameter]
         size_t max_threads) const {
                ^~~~~~~~~~~
/home/dmm2017/cloudSPAdes-dev/src/common/modules/path_extend/read_cloud_path_extend/scaffold_graph_construction/scaffold_graph_construction_pipeline.cpp: In member function ‘path_extend::ScaffolderParams::ScoreEstimationParams path_extend::ScaffolderParamsConstructor::GetScoreEstimationParams(const Graph&, path_extend::cluster_model::ClusterStatisticsExtractor, double, double, size_t) const’:
/home/dmm2017/cloudSPAdes-dev/src/common/modules/path_extend/read_cloud_path_extend/scaffold_graph_construction/scaffold_graph_construction_pipeline.cpp:75:22: warning: unused parameter ‘g’ [-Wunused-parameter]
         const Graph &g, cluster_model::ClusterStatisticsExtractor cluster_statistics_extractor,
                      ^
In file included from /home/dmm2017/miniconda2/include/boost/numeric/ublas/matrix.hpp:19:0,
                 from /home/dmm2017/cloudSPAdes-dev/src/projects/ionhammer/consensus.hpp:13,
                 from /home/dmm2017/cloudSPAdes-dev/src/projects/ionhammer/io_read_corrector.hpp:13,
                 from /home/dmm2017/cloudSPAdes-dev/src/projects/ionhammer/main.cpp:24:
/home/dmm2017/miniconda2/include/boost/numeric/ublas/matrix_expression.hpp: In member function ‘void boost::numeric::ublas::matrix_binary<E1, E2, F>::const_iterator1::increment(boost::numeric::ublas::sparse_bidirectional_iterator_tag)’:
/home/dmm2017/miniconda2/include/boost/numeric/ublas/matrix_expression.hpp:2224:17: warning: this ‘if’ clause does not guard... [-Wmisleading-indentation]
                 if (it2_ != it2_end_)
                 ^~
/home/dmm2017/miniconda2/include/boost/numeric/ublas/matrix_expression.hpp:2227:21: note: ...this statement, but the latter is misleadingly indented as if it is guarded by the ‘if’
                     if (it2_ != it2_end_) {
                     ^~
/home/dmm2017/cloudSPAdes-dev/src/common/modules/path_extend/read_cloud_path_extend/path_scaffolder.cpp: In member function ‘void path_extend::PathScaffolder::MergePaths(const path_extend::PathContainer&) const’:
/home/dmm2017/cloudSPAdes-dev/src/common/modules/path_extend/read_cloud_path_extend/path_scaffolder.cpp:48:33: warning: unused variable ‘scaffold_graph_serializer’ [-Wunused-variable]
         ScaffoldGraphSerializer scaffold_graph_serializer;
                                 ^~~~~~~~~~~~~~~~~~~~~~~~~
/home/dmm2017/cloudSPAdes-dev/src/common/modules/path_extend/read_cloud_path_extend/statistics/path_cluster_statistics.cpp: In member function ‘path_extend::PathClusterStatisticsExtractor::IdMap path_extend::PathClusterStatisticsExtractor::GetIdMap(const SimpleTransitionGraph&, const std::vector<path_extend::scaffold_graph::ScaffoldVertex>&) const’:
/home/dmm2017/cloudSPAdes-dev/src/common/modules/path_extend/read_cloud_path_extend/statistics/path_cluster_statistics.cpp:187:71: warning: unused parameter ‘correct_path’ [-Wunused-parameter]
         const vector<PathClusterStatisticsExtractor::ScaffoldVertex> &correct_path) const {
                                                                       ^~~~~~~~~~~~
/home/dmm2017/cloudSPAdes-dev/src/common/modules/path_extend/read_cloud_path_extend/statistics/component_validation.cpp: In member function ‘std::vector<path_extend::SimpleGraph<path_extend::scaffold_graph::ScaffoldVertex> > path_extend::ScaffoldGraphComponentExtractor::GetConnectedComponents(const ScaffoldGraph&) const’:
/home/dmm2017/cloudSPAdes-dev/src/common/modules/path_extend/read_cloud_path_extend/statistics/component_validation.cpp:38:12: warning: unused variable ‘trivial_components’ [-Wunused-variable]
     size_t trivial_components = 0;
            ^~~~~~~~~~~~~~~~~~
/home/dmm2017/cloudSPAdes-dev/src/common/modules/path_extend/read_cloud_path_extend/statistics/perfect_transitions.cpp: In member function ‘path_extend::scaffold_graph::ScaffoldGraph path_extend::PerfectScaffoldGraphConstructor::ConstuctPerfectGraph(const std::vector<std::vector<path_extend::validation::EdgeWithMapping> >&, size_t) const’:
/home/dmm2017/cloudSPAdes-dev/src/common/modules/path_extend/read_cloud_path_extend/statistics/perfect_transitions.cpp:32:77: warning: comparison between signed and unsigned integer expressions [-Wsign-compare]
             for (auto it2 = std::next(it1); it2 != path.end() and it2 - it1 <= next_edges; ++it2) {
                                                                   ~~~~~~~~~~^~~~~~~~~~~~~
/home/dmm2017/cloudSPAdes-dev/src/projects/corrector/contig_processor.cpp: In member function ‘bool corrector::ContigProcessor::CountPositions(const sam_reader::SingleSamRead&, std::unordered_map<long unsigned int, corrector::position_description>&) const’:
/home/dmm2017/cloudSPAdes-dev/src/projects/corrector/contig_processor.cpp:165:94: warning: conversion to ‘double’ from ‘size_t {aka long unsigned int}’ may alter its value [-Wconversion]
     if ((aligned_length < min(read_len_double * 0.4, 40.0)) && (position > read_len_double / 2) && (contig_.length() > read_len_double / 2 + (double) position)) {
                                                                                              ^
/home/dmm2017/cloudSPAdes-dev/src/projects/corrector/contig_processor.cpp:165:115: warning: conversion to ‘double’ from ‘std::__cxx11::basic_string<char>::size_type {aka long unsigned int}’ may alter its value [-Wconversion]
     if ((aligned_length < min(read_len_double * 0.4, 40.0)) && (position > read_len_double / 2) && (contig_.length() > read_len_double / 2 + (double) position)) {
                                                                                                     ~~~~~~~~~~~~~~^~
/home/dmm2017/cloudSPAdes-dev/src/projects/spades/pair_info_count.cpp: In function ‘bool debruijn_graph::CollectLibInformation(const conj_graph_pack&, size_t&, size_t, size_t)’:
/home/dmm2017/cloudSPAdes-dev/src/projects/spades/pair_info_count.cpp:224:46: warning: conversion to ‘double’ from ‘long unsigned int’ may alter its value [-Wconversion]
     if (data.median_insert_size < gp.k_value + 2)
                                   ~~~~~~~~~~~^~~
In file included from /home/dmm2017/cloudSPAdes-dev/src/projects/dipspades/polymorphic_bulge_remover/complex_bulge_remover.hpp:11:0,
                 from /home/dmm2017/cloudSPAdes-dev/src/projects/dipspades/polymorphic_bulge_remover/polymorphic_bulge_remover.hpp:11,
                 from /home/dmm2017/cloudSPAdes-dev/src/projects/dipspades/dipspades.hpp:16,
                 from /home/dmm2017/cloudSPAdes-dev/src/projects/dipspades/main.cpp:22:
/home/dmm2017/cloudSPAdes-dev/src/common/pipeline/graphio.hpp: In instantiation of ‘void debruijn_graph::graphio::ScanReadCloudDistributions(const string&, path_extend::cluster_model::DistributionPack&, const Graph&, bool) [with Graph = debruijn_graph::DeBruijnGraph; std::__cxx11::string = std::__cxx11::basic_string<char>]’:
/home/dmm2017/cloudSPAdes-dev/src/common/pipeline/graphio.hpp:1143:31:   required from ‘void debruijn_graph::graphio::ScanAll(const string&, graph_pack&, bool) [with graph_pack = debruijn_graph::graph_pack<debruijn_graph::DeBruijnGraph>; std::__cxx11::string = std::__cxx11::basic_string<char>]’
/home/dmm2017/cloudSPAdes-dev/src/projects/dipspades/dipspades.hpp:92:54:   required from here
/home/dmm2017/cloudSPAdes-dev/src/common/pipeline/graphio.hpp:1026:46: warning: unused parameter ‘g’ [-Wunused-parameter]
                                 const Graph& g, bool force_exists = true) {
                                              ^
In file included from /home/dmm2017/cloudSPAdes-dev/src/common/paired_info/insert_size_refiner.hpp:12:0,
                 from /home/dmm2017/cloudSPAdes-dev/src/common/paired_info/is_counter.hpp:12,
                 from /home/dmm2017/cloudSPAdes-dev/src/projects/spades/pair_info_count.cpp:8:
/home/dmm2017/cloudSPAdes-dev/src/common/assembly_graph/stats/picture_dump.hpp: In instantiation of ‘size_t debruijn_graph::stats::Nx(Graph&, double) [with Graph = debruijn_graph::DeBruijnGraph; size_t = long unsigned int]’:
/home/dmm2017/cloudSPAdes-dev/src/projects/spades/pair_info_count.cpp:319:109:   required from here
/home/dmm2017/cloudSPAdes-dev/src/common/assembly_graph/stats/picture_dump.hpp:457:24: warning: conversion to ‘double’ from ‘__gnu_cxx::__alloc_traits<std::allocator<long unsigned int> >::value_type {aka long unsigned int}’ may alter its value [-Wconversion]
         if (lengths[i] >= len_perc)
                         
In file included from /home/dmm2017/cloudSPAdes-dev/src/common/utils/standard_base.hpp:135:0,
                 from /home/dmm2017/cloudSPAdes-dev/src/common/paired_info/insert_size_refiner.hpp:10,
                 from /home/dmm2017/cloudSPAdes-dev/src/common/paired_info/is_counter.hpp:12,
                 from /home/dmm2017/cloudSPAdes-dev/src/projects/spades/pair_info_count.cpp:8:
/home/dmm2017/cloudSPAdes-dev/src/common/math/xmath.h: In instantiation of ‘bool math::ls(T, U) [with T = int; U = omnigraph::de::DEWeight]’:
/home/dmm2017/cloudSPAdes-dev/src/common/math/xmath.h:314:34:   required from ‘bool math::gr(T, U) [with T = omnigraph::de::DEWeight; U = int]’
/home/dmm2017/cloudSPAdes-dev/src/common/paired_info/pair_info_filler.hpp:75:39:   required from here
/home/dmm2017/cloudSPAdes-dev/src/common/math/xmath.h:303:21: warning: conversion to ‘float’ from ‘int’ may alter its value [-Wconversion]
         return (lhs < rhs);
                ~~~~~^~~~~~
